{
  "stats": {
    "suites": 1,
    "tests": 1,
    "passes": 0,
    "pending": 0,
    "failures": 1,
    "start": "2019-07-10T03:26:33.317Z",
    "end": "2019-07-10T03:26:34.029Z",
    "duration": 712,
    "testsRegistered": 1,
    "passPercent": 0,
    "pendingPercent": 0,
    "other": 0,
    "hasOther": false,
    "skipped": 0,
    "hasSkipped": false,
    "passPercentClass": "danger",
    "pendingPercentClass": "danger"
  },
  "suites": {
    "title": "",
    "suites": [
      {
        "title": "Premier Connect Test Suite",
        "suites": [],
        "tests": [
          {
            "title": "Login to the Premier Connect ",
            "fullTitle": "Premier Connect Test Suite Login to the Premier Connect ",
            "timedOut": false,
            "duration": 5,
            "state": "failed",
            "pass": false,
            "fail": true,
            "pending": false,
            "code": "return __awaiter(this, void 0, void 0, function () {\n    return __generator(this, function (_a) {\n        switch (_a.label) {\n            case 0: return [4 /*yield*/, login_1.login(driver, \"username\", \"password\", \"url\")\n                    .then(function (_) { return driver.getTitle(); })\n                    .then(function (title) {\n                    chai_1.expect(\"expectation\").equals(title);\n                })];\n            case 1: return [2 /*return*/, _a.sent()];\n        }\n    });\n});",
            "err": {
              "message": "InvalidArgumentError: invalid argument\n  (Session info: headless chrome=75.0.3770.100)",
              "estack": "InvalidArgumentError: invalid argument\n  (Session info: headless chrome=75.0.3770.100)\n    at Object.throwDecodedError (node_modules/selenium-webdriver/lib/error.js:550:15)\n    at parseHttpResponse (node_modules/selenium-webdriver/lib/http.js:560:13)\n    at Executor.execute (node_modules/selenium-webdriver/lib/http.js:486:26)\n    at process._tickCallback (internal/process/next_tick.js:68:7)"
            },
            "isRoot": false,
            "uuid": "b5c2efaf-2784-4385-8694-0d9b025e714d",
            "parentUUID": "3bff5fe8-d3b3-4f69-952b-dc3b9aa309b4",
            "isHook": false,
            "skipped": false
          }
        ],
        "pending": [],
        "root": false,
        "_timeout": 0,
        "file": "/lib/test/seleniumTest.js",
        "uuid": "3bff5fe8-d3b3-4f69-952b-dc3b9aa309b4",
        "beforeHooks": [
          {
            "title": "\"before all\" hook",
            "fullTitle": "Premier Connect Test Suite \"before all\" hook",
            "timedOut": false,
            "duration": 637,
            "pass": false,
            "fail": false,
            "pending": false,
            "code": "return __generator(this, function (_a) {\n    switch (_a.label) {\n        case 0: return [4 /*yield*/, new browserBuilder_1.BrowserBuilder().browserBuilder()];\n        case 1:\n            driver = _a.sent();\n            return [2 /*return*/];\n    }\n});\n    });",
            "err": {},
            "isRoot": false,
            "uuid": "9797a7a3-290f-4ec0-855a-a5467f256fa5",
            "parentUUID": "3bff5fe8-d3b3-4f69-952b-dc3b9aa309b4",
            "isHook": true,
            "skipped": false
          }
        ],
        "afterHooks": [
          {
            "title": "\"after all\" hook",
            "fullTitle": "Premier Connect Test Suite \"after all\" hook",
            "timedOut": false,
            "duration": 55,
            "pass": false,
            "fail": false,
            "pending": false,
            "code": "return __generator(this, function (_a) {\n    switch (_a.label) {\n        case 0: return [4 /*yield*/, driver.quit()];\n        case 1:\n            _a.sent();\n            return [2 /*return*/];\n    }\n});\n    });",
            "err": {},
            "isRoot": false,
            "uuid": "d1e2bc61-4039-4c06-aac2-6d9cb1161102",
            "parentUUID": "3bff5fe8-d3b3-4f69-952b-dc3b9aa309b4",
            "isHook": true,
            "skipped": false
          }
        ],
        "fullFile": "/Users/balu/Documents/work/automation/selenium-ui/lib/test/seleniumTest.js",
        "passes": [],
        "failures": [
          {
            "title": "Login to the Premier Connect ",
            "fullTitle": "Premier Connect Test Suite Login to the Premier Connect ",
            "timedOut": false,
            "duration": 5,
            "state": "failed",
            "pass": false,
            "fail": true,
            "pending": false,
            "code": "return __awaiter(this, void 0, void 0, function () {\n    return __generator(this, function (_a) {\n        switch (_a.label) {\n            case 0: return [4 /*yield*/, login_1.login(driver, \"username\", \"password\", \"url\")\n                    .then(function (_) { return driver.getTitle(); })\n                    .then(function (title) {\n                    chai_1.expect(\"expectation\").equals(title);\n                })];\n            case 1: return [2 /*return*/, _a.sent()];\n        }\n    });\n});",
            "err": {
              "message": "InvalidArgumentError: invalid argument\n  (Session info: headless chrome=75.0.3770.100)",
              "estack": "InvalidArgumentError: invalid argument\n  (Session info: headless chrome=75.0.3770.100)\n    at Object.throwDecodedError (node_modules/selenium-webdriver/lib/error.js:550:15)\n    at parseHttpResponse (node_modules/selenium-webdriver/lib/http.js:560:13)\n    at Executor.execute (node_modules/selenium-webdriver/lib/http.js:486:26)\n    at process._tickCallback (internal/process/next_tick.js:68:7)"
            },
            "isRoot": false,
            "uuid": "b5c2efaf-2784-4385-8694-0d9b025e714d",
            "parentUUID": "3bff5fe8-d3b3-4f69-952b-dc3b9aa309b4",
            "isHook": false,
            "skipped": false
          }
        ],
        "skipped": [],
        "hasBeforeHooks": true,
        "hasAfterHooks": true,
        "hasTests": true,
        "hasSuites": false,
        "totalTests": 1,
        "totalPasses": 0,
        "totalFailures": 1,
        "totalPending": 0,
        "totalSkipped": 0,
        "hasPasses": false,
        "hasFailures": true,
        "hasPending": false,
        "hasSkipped": false,
        "duration": 5,
        "rootEmpty": false
      }
    ],
    "tests": [],
    "pending": [],
    "root": true,
    "_timeout": 2000,
    "uuid": "b12a0782-a336-4f4b-88c6-d4eead0e5b55",
    "beforeHooks": [],
    "afterHooks": [],
    "fullFile": "",
    "file": "",
    "passes": [],
    "failures": [],
    "skipped": [],
    "hasBeforeHooks": false,
    "hasAfterHooks": false,
    "hasTests": false,
    "hasSuites": true,
    "totalTests": 0,
    "totalPasses": 0,
    "totalFailures": 0,
    "totalPending": 0,
    "totalSkipped": 0,
    "hasPasses": false,
    "hasFailures": false,
    "hasPending": false,
    "hasSkipped": false,
    "duration": 0,
    "rootEmpty": true
  },
  "allTests": [
    {
      "title": "Login to the Premier Connect ",
      "fullTitle": "Premier Connect Test Suite Login to the Premier Connect ",
      "timedOut": false,
      "duration": 5,
      "state": "failed",
      "pass": false,
      "fail": true,
      "pending": false,
      "code": "return __awaiter(this, void 0, void 0, function () {\n    return __generator(this, function (_a) {\n        switch (_a.label) {\n            case 0: return [4 /*yield*/, login_1.login(driver, \"username\", \"password\", \"url\")\n                    .then(function (_) { return driver.getTitle(); })\n                    .then(function (title) {\n                    chai_1.expect(\"expectation\").equals(title);\n                })];\n            case 1: return [2 /*return*/, _a.sent()];\n        }\n    });\n});",
      "err": {
        "message": "InvalidArgumentError: invalid argument\n  (Session info: headless chrome=75.0.3770.100)",
        "estack": "InvalidArgumentError: invalid argument\n  (Session info: headless chrome=75.0.3770.100)\n    at Object.throwDecodedError (node_modules/selenium-webdriver/lib/error.js:550:15)\n    at parseHttpResponse (node_modules/selenium-webdriver/lib/http.js:560:13)\n    at Executor.execute (node_modules/selenium-webdriver/lib/http.js:486:26)\n    at process._tickCallback (internal/process/next_tick.js:68:7)"
      },
      "isRoot": false,
      "uuid": "b5c2efaf-2784-4385-8694-0d9b025e714d",
      "parentUUID": "3bff5fe8-d3b3-4f69-952b-dc3b9aa309b4",
      "isHook": false,
      "skipped": false
    }
  ],
  "allPending": [],
  "allPasses": [],
  "allFailures": [
    {
      "title": "Login to the Premier Connect ",
      "fullTitle": "Premier Connect Test Suite Login to the Premier Connect ",
      "timedOut": false,
      "duration": 5,
      "state": "failed",
      "pass": false,
      "fail": true,
      "pending": false,
      "code": "return __awaiter(this, void 0, void 0, function () {\n    return __generator(this, function (_a) {\n        switch (_a.label) {\n            case 0: return [4 /*yield*/, login_1.login(driver, \"username\", \"password\", \"url\")\n                    .then(function (_) { return driver.getTitle(); })\n                    .then(function (title) {\n                    chai_1.expect(\"expectation\").equals(title);\n                })];\n            case 1: return [2 /*return*/, _a.sent()];\n        }\n    });\n});",
      "err": {
        "message": "InvalidArgumentError: invalid argument\n  (Session info: headless chrome=75.0.3770.100)",
        "estack": "InvalidArgumentError: invalid argument\n  (Session info: headless chrome=75.0.3770.100)\n    at Object.throwDecodedError (node_modules/selenium-webdriver/lib/error.js:550:15)\n    at parseHttpResponse (node_modules/selenium-webdriver/lib/http.js:560:13)\n    at Executor.execute (node_modules/selenium-webdriver/lib/http.js:486:26)\n    at process._tickCallback (internal/process/next_tick.js:68:7)"
      },
      "isRoot": false,
      "uuid": "b5c2efaf-2784-4385-8694-0d9b025e714d",
      "parentUUID": "3bff5fe8-d3b3-4f69-952b-dc3b9aa309b4",
      "isHook": false,
      "skipped": false
    }
  ],
  "copyrightYear": 2019
}